0 info it worked if it ends with ok
1 verbose cli [ '/usr/local/bin/node',
1 verbose cli   '/Users/Rizitecs/.npm-packages/bin/npm',
1 verbose cli   'run',
1 verbose cli   'build' ]
2 info using npm@4.0.2
3 info using node@v6.3.0
4 verbose run-script [ 'prebuild', 'build', 'postbuild' ]
5 info lifecycle purescript-halogen@1.0.0~prebuild: purescript-halogen@1.0.0
6 silly lifecycle purescript-halogen@1.0.0~prebuild: no script for prebuild, continuing
7 info lifecycle purescript-halogen@1.0.0~build: purescript-halogen@1.0.0
8 verbose lifecycle purescript-halogen@1.0.0~build: unsafe-perm in lifecycle true
9 verbose lifecycle purescript-halogen@1.0.0~build: PATH: /Users/Rizitecs/.npm-packages/lib/node_modules/npm/bin/node-gyp-bin:/Users/Rizitecs/Programming/Haskell/hsoc/hackage-matrix-builder/purescript-halogen/node_modules/.bin:/Users/Rizitecs/.rbenv/shims:/opt/local/lib/postgresql96/bin:/opt/local/bin:/opt/local/sbin:/Users/Rizitecs/.nix-profile/bin:/Users/Rizitecs/.nix-profile/sbin:/usr/local/heroku/bin:/nix/store/wdagmrysfdgawlmj2rzrbdid48z55h2i-pandoc-1.17.1/bin:/Library/TeX/Root/bin/x86_64-darwin/:/Users/Rizitecs/Programming/Haskell/haskell/ghc-8.0.2/bin:/Users/Rizitecs/.npm-packages/bin:/Users/Rizitecs/activator/bin:/Users/Rizitecs/.local/bin:/opt/local/bin:/usr/local/bin:/Users/Rizitecs/.cabal/bin:/Users/Rizitecs/Programming/Go/bin:/usr/local/gcc-4.8.0-qt-4.8.4-for-mingw32/win32-gcc/bin:/Users/Rizitecs/Game Programming/sdk/tools/:/usr/local/Cellar/ant/1.9.6/bin/:/Users/Rizitecs/Game\ Programming/ndk/:/Users/Rizitecs/Game Programming/cocos2d-x/templates/:/Users/Rizitecs/Game Programming/cocos2d-x/tools/cocos2d-console/bin/::/Users/Rizitecs/Game Programming/ndk/:/Users/Rizitecs/Game Programming/sdk/:/usr/local/Qt-5.8.0/bin:/Users/Rizitecs/.cabal/bin:/Users/Rizitecs/Scala/bin:/Users/Rizitecs/Programming/Haskell/haskell/ghc-8.0.2/bin:/usr/local/bin:/usr/local/bin/github:/usr/local/Cellar/passenger/5.0.7/libexec/bin:/usr/local/bin:/usr/bin:/bin:/usr/sbin:/sbin:/usr/local/bin/github:/Users/Rizitecs/Game\ Programming/ndk:/Users/Rizitecs/Library/Android/sdk:/Users/Rizitecs/Game\ Programming:/Users/Rizitecs/Game\ Programming/ndk/ndk-build:/opt/X11/bin:/Library/TeX/texbin:/Applications/Wireshark.app/Contents/MacOS:/Users/Rizitecs/Game Programming/ndk/:/Users/Rizitecs/Game_Programming/NVPACK/apache-ant-1.8.2/bin:/Users/Rizitecs/Game_Programming/NVPACK/gradle-2.2.1/bin:/Users/Rizitecs/Game_Programming/NVPACK/android-sdk-macosx/tools:/Users/Rizitecs/Game_Programming/NVPACK/android-sdk-macosx/platform-tools:/Users/Rizitecs/Game_Programming/NVPACK/android-sdk-macosx/build-tools:/Users/Rizitecs/Game_Programming/NVPACK/android-sdk-macosx/extras/android/support:/Users/Rizitecs/Game_Programming/NVPACK/android-ndk-r10e
10 verbose lifecycle purescript-halogen@1.0.0~build: CWD: /Users/Rizitecs/Programming/Haskell/hsoc/hackage-matrix-builder/purescript-halogen
11 silly lifecycle purescript-halogen@1.0.0~build: Args: [ '-c',
11 silly lifecycle   'pulp browserify -- --stash --censor-lib > dist/pshalogen.js' ]
12 silly lifecycle purescript-halogen@1.0.0~build: Returned: code: 1  signal: null
13 info lifecycle purescript-halogen@1.0.0~build: Failed to exec build script
14 verbose stack Error: purescript-halogen@1.0.0 build: `pulp browserify -- --stash --censor-lib > dist/pshalogen.js`
14 verbose stack Exit status 1
14 verbose stack     at EventEmitter.<anonymous> (/Users/Rizitecs/.npm-packages/lib/node_modules/npm/lib/utils/lifecycle.js:279:16)
14 verbose stack     at emitTwo (events.js:106:13)
14 verbose stack     at EventEmitter.emit (events.js:191:7)
14 verbose stack     at ChildProcess.<anonymous> (/Users/Rizitecs/.npm-packages/lib/node_modules/npm/lib/utils/spawn.js:40:14)
14 verbose stack     at emitTwo (events.js:106:13)
14 verbose stack     at ChildProcess.emit (events.js:191:7)
14 verbose stack     at maybeClose (internal/child_process.js:852:16)
14 verbose stack     at Process.ChildProcess._handle.onexit (internal/child_process.js:215:5)
15 verbose pkgid purescript-halogen@1.0.0
16 verbose cwd /Users/Rizitecs/Programming/Haskell/hsoc/hackage-matrix-builder/purescript-halogen
17 error Darwin 16.6.0
18 error argv "/usr/local/bin/node" "/Users/Rizitecs/.npm-packages/bin/npm" "run" "build"
19 error node v6.3.0
20 error npm  v4.0.2
21 error code ELIFECYCLE
22 error purescript-halogen@1.0.0 build: `pulp browserify -- --stash --censor-lib > dist/pshalogen.js`
22 error Exit status 1
23 error Failed at the purescript-halogen@1.0.0 build script 'pulp browserify -- --stash --censor-lib > dist/pshalogen.js'.
23 error Make sure you have the latest version of node.js and npm installed.
23 error If you do, this is most likely a problem with the purescript-halogen package,
23 error not with npm itself.
23 error Tell the author that this fails on your system:
23 error     pulp browserify -- --stash --censor-lib > dist/pshalogen.js
23 error You can get information on how to open an issue for this project with:
23 error     npm bugs purescript-halogen
23 error Or if that isn't available, you can get their info via:
23 error     npm owner ls purescript-halogen
23 error There is likely additional logging output above.
24 verbose exit [ 1, true ]
